<?xml version="1.0" encoding="UTF-8"?>
<testsuite xmlns:xsi="http://www.w3.org/2001/XMLSchema-instance" xsi:noNamespaceSchemaLocation="https://maven.apache.org/surefire/maven-surefire-plugin/xsd/surefire-test-report-3.0.xsd" version="3.0" name="com.companyname.TP1.TlsTest" time="0.026" tests="1" errors="0" skipped="0" failures="1">
  <properties>
[...]
</properties>
  <testcase name="testProcessJavaFilesDirectory" classname="com.companyname.TP1.TlsTest" time="0.018">
    <failure message="expected:&lt;...TP1, App, 8, 0, 0.00[ &#10;./TAssertCalculator.java, com.companyname.TP1, TAssertCalculator, 22, 2, 11.00 &#10;./TLocCalculator.java, com.companyname.TP1, TLocCalculator, 29, 0, 0.00 &#10;./Tls.java, com.companyname.TP1, Tls, 53, 0, 0.00 ]&#10;./Tropcomp.java, co...&gt; but was:&lt;...TP1, App, 8, 0, 0.00[&#10;./TAssertCalculator.java, com.companyname.TP1, TAssertCalculator, 22, 2, 11.00&#10;./TLocCalculator.java, com.companyname.TP1, TLocCalculator, 29, 0, 0.00&#10;./Tls.java, com.companyname.TP1, Tls, 53, 0, 0.00&#13;]&#10;./Tropcomp.java, co...&gt;" type="org.junit.ComparisonFailure"><![CDATA[org.junit.ComparisonFailure: 
expected:<...TP1, App, 8, 0, 0.00[ 
./TAssertCalculator.java, com.companyname.TP1, TAssertCalculator, 22, 2, 11.00 
./TLocCalculator.java, com.companyname.TP1, TLocCalculator, 29, 0, 0.00 
./Tls.java, com.companyname.TP1, Tls, 53, 0, 0.00 ]
./Tropcomp.java, co...> but was:<...TP1, App, 8, 0, 0.00[
./TAssertCalculator.java, com.companyname.TP1, TAssertCalculator, 22, 2, 11.00
./TLocCalculator.java, com.companyname.TP1, TLocCalculator, 29, 0, 0.00
./Tls.java, com.companyname.TP1, Tls, 53, 0, 0.00]
./Tropcomp.java, co...>
	at org.junit.Assert.assertEquals(Assert.java:117)
	at org.junit.Assert.assertEquals(Assert.java:146)
	at com.companyname.TP1.TlsTest.testProcessJavaFilesDirectory(TlsTest.java:43)
	at java.base/jdk.internal.reflect.DirectMethodHandleAccessor.invoke(DirectMethodHandleAccessor.java:103)
	at java.base/java.lang.reflect.Method.invoke(Method.java:580)
	at org.junit.runners.model.FrameworkMethod$1.runReflectiveCall(FrameworkMethod.java:59)
	at org.junit.internal.runners.model.ReflectiveCallable.run(ReflectiveCallable.java:12)
	at org.junit.runners.model.FrameworkMethod.invokeExplosively(FrameworkMethod.java:56)
	at org.junit.internal.runners.statements.InvokeMethod.evaluate(InvokeMethod.java:17)
	at org.junit.internal.runners.statements.RunBefores.evaluate(RunBefores.java:26)
	at org.junit.runners.ParentRunner$3.evaluate(ParentRunner.java:306)
	at org.junit.runners.BlockJUnit4ClassRunner$1.evaluate(BlockJUnit4ClassRunner.java:100)
	at org.junit.runners.ParentRunner.runLeaf(ParentRunner.java:366)
	at org.junit.runners.BlockJUnit4ClassRunner.runChild(BlockJUnit4ClassRunner.java:103)
	at org.junit.runners.BlockJUnit4ClassRunner.runChild(BlockJUnit4ClassRunner.java:63)
	at org.junit.runners.ParentRunner$4.run(ParentRunner.java:331)
	at org.junit.runners.ParentRunner$1.schedule(ParentRunner.java:79)
	at org.junit.runners.ParentRunner.runChildren(ParentRunner.java:329)
	at org.junit.runners.ParentRunner.access$100(ParentRunner.java:66)
	at org.junit.runners.ParentRunner$2.evaluate(ParentRunner.java:293)
	at org.junit.runners.ParentRunner$3.evaluate(ParentRunner.java:306)
	at org.junit.runners.ParentRunner.run(ParentRunner.java:413)
	at org.apache.maven.surefire.junit4.JUnit4Provider.execute(JUnit4Provider.java:316)
	at org.apache.maven.surefire.junit4.JUnit4Provider.executeWithRerun(JUnit4Provider.java:240)
	at org.apache.maven.surefire.junit4.JUnit4Provider.executeTestSet(JUnit4Provider.java:214)
	at org.apache.maven.surefire.junit4.JUnit4Provider.invoke(JUnit4Provider.java:155)
	at org.apache.maven.surefire.booter.ForkedBooter.runSuitesInProcess(ForkedBooter.java:385)
	at org.apache.maven.surefire.booter.ForkedBooter.execute(ForkedBooter.java:162)
	at org.apache.maven.surefire.booter.ForkedBooter.run(ForkedBooter.java:507)
	at org.apache.maven.surefire.booter.ForkedBooter.main(ForkedBooter.java:495)
]]></failure>
    <system-out><![CDATA[Expected Output:
./App.java, com.companyname.TP1, App, 8, 0, 0.00 
./TAssertCalculator.java, com.companyname.TP1, TAssertCalculator, 22, 2, 11.00 
./TLocCalculator.java, com.companyname.TP1, TLocCalculator, 29, 0, 0.00 
./Tls.java, com.companyname.TP1, Tls, 53, 0, 0.00 
./Tropcomp.java, com.companyname.TP1, Tropcomp, 1, 0, 0.00 

Actual Output:
Expected length: 313
Actual length: 314
./App.java, com.companyname.TP1, App, 8, 0, 0.00
./TAssertCalculator.java, com.companyname.TP1, TAssertCalculator, 22, 2, 11.00
./TLocCalculator.java, com.companyname.TP1, TLocCalculator, 29, 0, 0.00
./Tls.java, com.companyname.TP1, Tls, 53, 0, 0.00
./Tropcomp.java, com.companyname.TP1, Tropcomp, 1, 0, 0.00

]]></system-out>
  </testcase>
</testsuite>